[debug] [2024-05-18T10:45:30.964Z] ----------------------------------------------------------------------
[debug] [2024-05-18T10:45:30.967Z] Command:       C:\Program Files\nodejs\node.exe C:\Program Files\nodejs\node_modules\firebase-tools\lib\bin\firebase.js init
[debug] [2024-05-18T10:45:30.968Z] CLI Version:   13.9.0
[debug] [2024-05-18T10:45:30.968Z] Platform:      win32
[debug] [2024-05-18T10:45:30.969Z] Node Version:  v18.18.1
[debug] [2024-05-18T10:45:30.970Z] Time:          Sat May 18 2024 16:15:30 GMT+0530 (India Standard Time)
[debug] [2024-05-18T10:45:30.970Z] ----------------------------------------------------------------------
[debug] 
[debug] [2024-05-18T10:45:30.977Z] > command requires scopes: ["email","openid","https://www.googleapis.com/auth/cloudplatformprojects.readonly","https://www.googleapis.com/auth/firebase","https://www.googleapis.com/auth/cloud-platform"]
[debug] [2024-05-18T10:45:30.978Z] > authorizing via signed-in user (aabmo700@gmail.com)
[info] 
     ######## #### ########  ######## ########     ###     ######  ########
     ##        ##  ##     ## ##       ##     ##  ##   ##  ##       ##
     ######    ##  ########  ######   ########  #########  ######  ######
     ##        ##  ##    ##  ##       ##     ## ##     ##       ## ##
     ##       #### ##     ## ######## ########  ##     ##  ######  ########

You're about to initialize a Firebase project in this directory:

  F:\Angular\todoapp\todoapp

[info] 
=== Project Setup
[info] 
[info] First, let's associate this project directory with a Firebase project.
[info] You can create multiple project aliases by running firebase use --add, 
[info] but for now we'll just set up a default project.
[info] 
[debug] [2024-05-18T10:45:44.858Z] > refreshing access token with scopes: []
[debug] [2024-05-18T10:45:44.862Z] >>> [apiv2][query] POST https://www.googleapis.com/oauth2/v3/token [none]
[debug] [2024-05-18T10:45:44.862Z] >>> [apiv2][body] POST https://www.googleapis.com/oauth2/v3/token [omitted]
[debug] [2024-05-18T10:45:45.372Z] <<< [apiv2][status] POST https://www.googleapis.com/oauth2/v3/token 200
[debug] [2024-05-18T10:45:45.372Z] <<< [apiv2][body] POST https://www.googleapis.com/oauth2/v3/token [omitted]
[debug] [2024-05-18T10:45:45.549Z] >>> [apiv2][query] GET https://firebase.googleapis.com/v1beta1/projects pageSize=100
[debug] [2024-05-18T10:45:46.436Z] <<< [apiv2][status] GET https://firebase.googleapis.com/v1beta1/projects 200
[debug] [2024-05-18T10:45:46.436Z] <<< [apiv2][body] GET https://firebase.googleapis.com/v1beta1/projects [omitted]
[info] i  Using project firdb-b2d20 (firdb) 
[info] 
=== Database Setup
[info] i  database: ensuring required API firebasedatabase.googleapis.com is enabled... 
[debug] [2024-05-18T10:46:07.263Z] >>> [apiv2][query] GET https://serviceusage.googleapis.com/v1/projects/firdb-b2d20/services/firebasedatabase.googleapis.com [none]
[debug] [2024-05-18T10:46:07.263Z] >>> [apiv2][(partial)header] GET https://serviceusage.googleapis.com/v1/projects/firdb-b2d20/services/firebasedatabase.googleapis.com x-goog-quota-user=projects/firdb-b2d20
[debug] [2024-05-18T10:46:09.534Z] <<< [apiv2][status] GET https://serviceusage.googleapis.com/v1/projects/firdb-b2d20/services/firebasedatabase.googleapis.com 200
[debug] [2024-05-18T10:46:09.535Z] <<< [apiv2][body] GET https://serviceusage.googleapis.com/v1/projects/firdb-b2d20/services/firebasedatabase.googleapis.com [omitted]
[warn] !  database: missing required API firebasedatabase.googleapis.com. Enabling now... 
[debug] [2024-05-18T10:46:09.536Z] >>> [apiv2][query] POST https://serviceusage.googleapis.com/v1/projects/firdb-b2d20/services/firebasedatabase.googleapis.com:enable [none]
[debug] [2024-05-18T10:46:09.537Z] >>> [apiv2][(partial)header] POST https://serviceusage.googleapis.com/v1/projects/firdb-b2d20/services/firebasedatabase.googleapis.com:enable x-goog-quota-user=projects/firdb-b2d20
[debug] [2024-05-18T10:46:11.886Z] <<< [apiv2][status] POST https://serviceusage.googleapis.com/v1/projects/firdb-b2d20/services/firebasedatabase.googleapis.com:enable 200
[debug] [2024-05-18T10:46:11.886Z] <<< [apiv2][body] POST https://serviceusage.googleapis.com/v1/projects/firdb-b2d20/services/firebasedatabase.googleapis.com:enable [omitted]
[debug] [2024-05-18T10:46:21.901Z] >>> [apiv2][query] GET https://serviceusage.googleapis.com/v1/projects/firdb-b2d20/services/firebasedatabase.googleapis.com [none]
[debug] [2024-05-18T10:46:21.901Z] >>> [apiv2][(partial)header] GET https://serviceusage.googleapis.com/v1/projects/firdb-b2d20/services/firebasedatabase.googleapis.com x-goog-quota-user=projects/firdb-b2d20
[debug] [2024-05-18T10:46:23.850Z] <<< [apiv2][status] GET https://serviceusage.googleapis.com/v1/projects/firdb-b2d20/services/firebasedatabase.googleapis.com 200
[debug] [2024-05-18T10:46:23.850Z] <<< [apiv2][body] GET https://serviceusage.googleapis.com/v1/projects/firdb-b2d20/services/firebasedatabase.googleapis.com [omitted]
[info] +  database: required API firebasedatabase.googleapis.com is enabled 
[info] 
[debug] [2024-05-18T10:46:23.858Z] >>> [apiv2][query] GET https://firebasedatabase.googleapis.com/v1beta/projects/firdb-b2d20/locations/-/instances/firdb-b2d20 [none]
[debug] [2024-05-18T10:46:26.013Z] <<< [apiv2][status] GET https://firebasedatabase.googleapis.com/v1beta/projects/firdb-b2d20/locations/-/instances/firdb-b2d20 200
[debug] [2024-05-18T10:46:26.013Z] <<< [apiv2][body] GET https://firebasedatabase.googleapis.com/v1beta/projects/firdb-b2d20/locations/-/instances/firdb-b2d20 {"name":"projects/1076425137087/locations/us-central1/instances/firdb-b2d20","project":"projects/1076425137087","databaseUrl":"https://firdb-b2d20.firebaseio.com","type":"DEFAULT_DATABASE","state":"ACTIVE"}
[info] 
[info] Firebase Realtime Database Security Rules allow you to define how your data should be
[info] structured and when your data can be read from and written to.
[info] 
[debug] [2024-05-18T10:50:08.260Z] >>> [apiv2][query] GET https://firdb-b2d20.firebaseio.com/.settings/rules.json [none]
[debug] [2024-05-18T10:50:09.792Z] <<< [apiv2][status] GET https://firdb-b2d20.firebaseio.com/.settings/rules.json 200
[debug] [2024-05-18T10:50:09.793Z] <<< [apiv2][body] GET https://firdb-b2d20.firebaseio.com/.settings/rules.json [stream]
[info] +  Database Rules for firdb-b2d20 have been written to database.rules.json. 
[info] Future modifications to database.rules.json will update Realtime Database Security Rules when you run
[info] firebase deploy.
[info] 
=== Firestore Setup
[debug] [2024-05-18T10:50:09.809Z] >>> [apiv2][query] GET https://serviceusage.googleapis.com/v1/projects/firdb-b2d20/services/firestore.googleapis.com [none]
[debug] [2024-05-18T10:50:09.809Z] >>> [apiv2][(partial)header] GET https://serviceusage.googleapis.com/v1/projects/firdb-b2d20/services/firestore.googleapis.com x-goog-quota-user=projects/firdb-b2d20
[debug] [2024-05-18T10:50:11.772Z] <<< [apiv2][status] GET https://serviceusage.googleapis.com/v1/projects/firdb-b2d20/services/firestore.googleapis.com 200
[debug] [2024-05-18T10:50:11.773Z] <<< [apiv2][body] GET https://serviceusage.googleapis.com/v1/projects/firdb-b2d20/services/firestore.googleapis.com [omitted]
[debug] [2024-05-18T10:50:11.773Z] >>> [apiv2][query] GET https://firestore.googleapis.com/v1/projects/firdb-b2d20/databases/(default) [none]
[debug] [2024-05-18T10:50:13.644Z] <<< [apiv2][status] GET https://firestore.googleapis.com/v1/projects/firdb-b2d20/databases/(default) 200
[debug] [2024-05-18T10:50:13.644Z] <<< [apiv2][body] GET https://firestore.googleapis.com/v1/projects/firdb-b2d20/databases/(default) {"name":"projects/firdb-b2d20/databases/(default)","uid":"cda2ccef-ec22-4f1f-9786-1589048e394e","createTime":"2020-09-07T05:54:30.346Z","updateTime":"2022-02-06T12:39:13.296622Z","locationId":"nam5","type":"FIRESTORE_NATIVE","concurrencyMode":"PESSIMISTIC","versionRetentionPeriod":"3600s","earliestVersionTime":"2024-05-18T09:50:13.837527Z","appEngineIntegrationMode":"ENABLED","keyPrefix":"s","pointInTimeRecoveryEnablement":"POINT_IN_TIME_RECOVERY_DISABLED","deleteProtectionState":"DELETE_PROTECTION_DISABLED","etag":"INKQi92Dl4YDMOqxtdrs3YUD"}
[debug] [2024-05-18T10:50:13.645Z] database_type: FIRESTORE_NATIVE
[debug] [2024-05-18T10:50:13.646Z] > command requires scopes: ["email","openid","https://www.googleapis.com/auth/cloudplatformprojects.readonly","https://www.googleapis.com/auth/firebase","https://www.googleapis.com/auth/cloud-platform"]
[debug] [2024-05-18T10:50:13.647Z] > authorizing via signed-in user (aabmo700@gmail.com)
[debug] [2024-05-18T10:50:13.648Z] [iam] checking project firdb-b2d20 for permissions ["firebase.projects.get"]
[debug] [2024-05-18T10:50:13.649Z] >>> [apiv2][query] POST https://cloudresourcemanager.googleapis.com/v1/projects/firdb-b2d20:testIamPermissions [none]
[debug] [2024-05-18T10:50:13.650Z] >>> [apiv2][(partial)header] POST https://cloudresourcemanager.googleapis.com/v1/projects/firdb-b2d20:testIamPermissions x-goog-quota-user=projects/firdb-b2d20
[debug] [2024-05-18T10:50:13.650Z] >>> [apiv2][body] POST https://cloudresourcemanager.googleapis.com/v1/projects/firdb-b2d20:testIamPermissions {"permissions":["firebase.projects.get"]}
[debug] [2024-05-18T10:50:15.497Z] <<< [apiv2][status] POST https://cloudresourcemanager.googleapis.com/v1/projects/firdb-b2d20:testIamPermissions 200
[debug] [2024-05-18T10:50:15.498Z] <<< [apiv2][body] POST https://cloudresourcemanager.googleapis.com/v1/projects/firdb-b2d20:testIamPermissions {"permissions":["firebase.projects.get"]}
[info] 
[info] Firestore Security Rules allow you to define how and when to allow
[info] requests. You can keep these rules in your project directory
[info] and publish them with firebase deploy.
[info] 
[debug] [2024-05-18T10:53:15.182Z] >>> [apiv2][query] GET https://firebaserules.googleapis.com/v1/projects/firdb-b2d20/releases pageSize=10&pageToken=
[debug] [2024-05-18T10:53:17.160Z] <<< [apiv2][status] GET https://firebaserules.googleapis.com/v1/projects/firdb-b2d20/releases 200
[debug] [2024-05-18T10:53:17.160Z] <<< [apiv2][body] GET https://firebaserules.googleapis.com/v1/projects/firdb-b2d20/releases {"releases":[{"name":"projects/firdb-b2d20/releases/cloud.firestore","rulesetName":"projects/firdb-b2d20/rulesets/ea3d824b-4987-4fd2-9225-040bb7048e59","createTime":"2020-09-07T05:54:54.902966Z","updateTime":"2020-09-07T05:54:54.902966Z"},{"name":"projects/firdb-b2d20/releases/firebase.storage/firdb-b2d20.appspot.com","rulesetName":"projects/firdb-b2d20/rulesets/25361e8c-d46f-4497-a820-762a1f1f120e","createTime":"2020-09-07T05:54:37.945902Z","updateTime":"2020-09-07T05:54:37.945902Z"}]}
[debug] [2024-05-18T10:53:17.161Z] Found ruleset: projects/firdb-b2d20/rulesets/ea3d824b-4987-4fd2-9225-040bb7048e59
[debug] [2024-05-18T10:53:17.162Z] >>> [apiv2][query] GET https://firebaserules.googleapis.com/v1/projects/firdb-b2d20/rulesets/ea3d824b-4987-4fd2-9225-040bb7048e59 [none]
[debug] [2024-05-18T10:53:18.759Z] <<< [apiv2][status] GET https://firebaserules.googleapis.com/v1/projects/firdb-b2d20/rulesets/ea3d824b-4987-4fd2-9225-040bb7048e59 200
[debug] [2024-05-18T10:53:18.759Z] <<< [apiv2][body] GET https://firebaserules.googleapis.com/v1/projects/firdb-b2d20/rulesets/ea3d824b-4987-4fd2-9225-040bb7048e59 [omitted]
[info] 
[info] Firestore indexes allow you to perform complex queries while
[info] maintaining performance that scales with the size of the result
[info] set. You can keep index definitions in your project directory
[info] and publish them with firebase deploy.
[info] 
